This is pdfTeX, Version 3.1415926-2.5-1.40.14 (TeX Live 2013) (format=pdflatex 2013.5.30)  11 OCT 2013 14:43
entering extended mode
 restricted \write18 enabled.
 file:line:error style messages enabled.
 %&-line parsing enabled.
**regressor.tex
(./regressor.tex
LaTeX2e <2011/06/27>
Babel <3.9f> and hyphenation patterns for 78 languages loaded.
(/usr/local/texlive/2013/texmf-dist/tex/latex/base/article.cls
Document Class: article 2007/10/19 v1.4h Standard LaTeX document class
(/usr/local/texlive/2013/texmf-dist/tex/latex/base/size12.clo
File: size12.clo 2007/10/19 v1.4h Standard LaTeX file (size option)
)
\c@part=\count79
\c@section=\count80
\c@subsection=\count81
\c@subsubsection=\count82
\c@paragraph=\count83
\c@subparagraph=\count84
\c@figure=\count85
\c@table=\count86
\abovecaptionskip=\skip41
\belowcaptionskip=\skip42
\bibindent=\dimen102
)
(/usr/local/texlive/2013/texmf-dist/tex/latex/natbib/natbib.sty
Package: natbib 2010/09/13 8.31b (PWD, AO)
\bibhang=\skip43
\bibsep=\skip44
LaTeX Info: Redefining \cite on input line 694.
\c@NAT@ctr=\count87
)
(/usr/local/texlive/2013/texmf-dist/tex/latex/graphics/color.sty
Package: color 2005/11/14 v1.0j Standard LaTeX Color (DPC)

(/usr/local/texlive/2013/texmf-dist/tex/latex/latexconfig/color.cfg
File: color.cfg 2007/01/18 v1.5 color configuration of teTeX/TeXLive
)
Package color Info: Driver file: pdftex.def on input line 130.

(/usr/local/texlive/2013/texmf-dist/tex/latex/pdftex-def/pdftex.def
File: pdftex.def 2011/05/27 v0.06d Graphics/color for pdfTeX

(/usr/local/texlive/2013/texmf-dist/tex/generic/oberdiek/infwarerr.sty
Package: infwarerr 2010/04/08 v1.3 Providing info/warning/error messages (HO)
)
(/usr/local/texlive/2013/texmf-dist/tex/generic/oberdiek/ltxcmds.sty
Package: ltxcmds 2011/11/09 v1.22 LaTeX kernel commands for general use (HO)
)
\Gread@gobject=\count88
))
(/usr/local/texlive/2013/texmf-dist/tex/latex/graphics/graphicx.sty
Package: graphicx 1999/02/16 v1.0f Enhanced LaTeX Graphics (DPC,SPQR)

(/usr/local/texlive/2013/texmf-dist/tex/latex/graphics/keyval.sty
Package: keyval 1999/03/16 v1.13 key=value parser (DPC)
\KV@toks@=\toks14
)
(/usr/local/texlive/2013/texmf-dist/tex/latex/graphics/graphics.sty
Package: graphics 2009/02/05 v1.0o Standard LaTeX Graphics (DPC,SPQR)

(/usr/local/texlive/2013/texmf-dist/tex/latex/graphics/trig.sty
Package: trig 1999/03/16 v1.09 sin cos tan (DPC)
)
(/usr/local/texlive/2013/texmf-dist/tex/latex/latexconfig/graphics.cfg
File: graphics.cfg 2010/04/23 v1.9 graphics configuration of TeX Live
)
Package graphics Info: Driver file: pdftex.def on input line 91.
)
\Gin@req@height=\dimen103
\Gin@req@width=\dimen104
)
(/usr/local/texlive/2013/texmf-dist/tex/latex/amsfonts/amssymb.sty
Package: amssymb 2013/01/14 v3.01 AMS font symbols

(/usr/local/texlive/2013/texmf-dist/tex/latex/amsfonts/amsfonts.sty
Package: amsfonts 2013/01/14 v3.01 Basic AMSFonts support
\@emptytoks=\toks15
\symAMSa=\mathgroup4
\symAMSb=\mathgroup5
LaTeX Font Info:    Overwriting math alphabet `\mathfrak' in version `bold'
(Font)                  U/euf/m/n --> U/euf/b/n on input line 106.
))
(../../standard.tex
\c@remark=\count89
\c@lemma=\count90
\c@theorem=\count91
\c@definition=\count92
\c@defn=\count93
) (../sty/simplemargins.sty
Simplemargins margin control commands <15 Mar 93>.
\smpagewidth=\skip45
\smpageheight=\skip46
) (./regressor.aux)
\openout1 = `regressor.aux'.

LaTeX Font Info:    Checking defaults for OML/cmm/m/it on input line 55.
LaTeX Font Info:    ... okay on input line 55.
LaTeX Font Info:    Checking defaults for T1/cmr/m/n on input line 55.
LaTeX Font Info:    ... okay on input line 55.
LaTeX Font Info:    Checking defaults for OT1/cmr/m/n on input line 55.
LaTeX Font Info:    ... okay on input line 55.
LaTeX Font Info:    Checking defaults for OMS/cmsy/m/n on input line 55.
LaTeX Font Info:    ... okay on input line 55.
LaTeX Font Info:    Checking defaults for OMX/cmex/m/n on input line 55.
LaTeX Font Info:    ... okay on input line 55.
LaTeX Font Info:    Checking defaults for U/cmr/m/n on input line 55.
LaTeX Font Info:    ... okay on input line 55.

(/usr/local/texlive/2013/texmf-dist/tex/context/base/supp-pdf.mkii
[Loading MPS to PDF converter (version 2006.09.02).]
\scratchcounter=\count94
\scratchdimen=\dimen105
\scratchbox=\box26
\nofMPsegments=\count95
\nofMParguments=\count96
\everyMPshowfont=\toks16
\MPscratchCnt=\count97
\MPscratchDim=\dimen106
\MPnumerator=\count98
\makeMPintoPDFobject=\count99
\everyMPtoPDFconversion=\toks17
) (/usr/local/texlive/2013/texmf-dist/tex/generic/oberdiek/pdftexcmds.sty
Package: pdftexcmds 2011/11/29 v0.20 Utility functions of pdfTeX for LuaTeX (HO
)

(/usr/local/texlive/2013/texmf-dist/tex/generic/oberdiek/ifluatex.sty
Package: ifluatex 2010/03/01 v1.3 Provides the ifluatex switch (HO)
Package ifluatex Info: LuaTeX not detected.
)
(/usr/local/texlive/2013/texmf-dist/tex/generic/oberdiek/ifpdf.sty
Package: ifpdf 2011/01/30 v2.3 Provides the ifpdf switch (HO)
Package ifpdf Info: pdfTeX in PDF mode is detected.
)
Package pdftexcmds Info: LuaTeX not detected.
Package pdftexcmds Info: \pdf@primitive is available.
Package pdftexcmds Info: \pdf@ifprimitive is available.
Package pdftexcmds Info: \pdfdraftmode found.
)
(/usr/local/texlive/2013/texmf-dist/tex/latex/oberdiek/epstopdf-base.sty
Package: epstopdf-base 2010/02/09 v2.5 Base part for package epstopdf

(/usr/local/texlive/2013/texmf-dist/tex/latex/oberdiek/grfext.sty
Package: grfext 2010/08/19 v1.1 Manage graphics extensions (HO)

(/usr/local/texlive/2013/texmf-dist/tex/generic/oberdiek/kvdefinekeys.sty
Package: kvdefinekeys 2011/04/07 v1.3 Define keys (HO)
))
(/usr/local/texlive/2013/texmf-dist/tex/latex/oberdiek/kvoptions.sty
Package: kvoptions 2011/06/30 v3.11 Key value format for package options (HO)

(/usr/local/texlive/2013/texmf-dist/tex/generic/oberdiek/kvsetkeys.sty
Package: kvsetkeys 2012/04/25 v1.16 Key value parser (HO)

(/usr/local/texlive/2013/texmf-dist/tex/generic/oberdiek/etexcmds.sty
Package: etexcmds 2011/02/16 v1.5 Avoid name clashes with e-TeX commands (HO)
Package etexcmds Info: Could not find \expanded.
(etexcmds)             That can mean that you are not using pdfTeX 1.50 or
(etexcmds)             that some package has redefined \expanded.
(etexcmds)             In the latter case, load this package earlier.
)))
Package grfext Info: Graphics extension search list:
(grfext)             [.png,.pdf,.jpg,.mps,.jpeg,.jbig2,.jb2,.PNG,.PDF,.JPG,.JPE
G,.JBIG2,.JB2,.eps]
(grfext)             \AppendGraphicsExtensions on input line 452.

(/usr/local/texlive/2013/texmf-dist/tex/latex/latexconfig/epstopdf-sys.cfg
File: epstopdf-sys.cfg 2010/07/13 v1.3 Configuration of (r)epstopdf for TeX Liv
e
))
LaTeX Font Info:    Try loading font information for U+msa on input line 56.

(/usr/local/texlive/2013/texmf-dist/tex/latex/amsfonts/umsa.fd
File: umsa.fd 2013/01/14 v3.01 AMS symbols A
)
LaTeX Font Info:    Try loading font information for U+msb on input line 56.

(/usr/local/texlive/2013/texmf-dist/tex/latex/amsfonts/umsb.fd
File: umsb.fd 2013/01/14 v3.01 AMS symbols B
) [1

{/usr/local/texlive/2013/texmf-var/fonts/map/pdftex/updmap/pdftex.map}] [2

] [3]
Missing character: There is no â in font cmr10!
Missing character: There is no € in font cmr10!
Missing character: There is no ˜ in font cmr10!
Missing character: There is no â in font cmr10!
Missing character: There is no € in font cmr10!
Missing character: There is no ™ in font cmr10!
 [4]
LaTeX Font Info:    Try loading font information for OMS+cmr on input line 207.


(/usr/local/texlive/2013/texmf-dist/tex/latex/base/omscmr.fd
File: omscmr.fd 1999/05/25 v2.5h Standard LaTeX font definitions
)
LaTeX Font Info:    Font shape `OMS/cmr/m/n' in size <10.95> not available
(Font)              Font shape `OMS/cmsy/m/n' tried instead on input line 207.
LaTeX Font Info:    Font shape `OMS/cmr/m/it' in size <10.95> not available
(Font)              Font shape `OMS/cmsy/m/n' tried instead on input line 207.


Package natbib Warning: Citation `manning99' on page 5 undefined on input line 
211.


Package natbib Warning: Citation `jurafsky09' on page 5 undefined on input line
 211.

[5] [6] [7] <figures/prices.pdf, id=40, 522.56772pt x 235.44974pt>
File: figures/prices.pdf Graphic file (type pdf)

<use figures/prices.pdf>
Package pdftex.def Info: figures/prices.pdf used on input line 291.
(pdftex.def)             Requested size: 361.34999pt x 162.80896pt.
 [8]
<figures/zipf.pdf, id=44, 395.68639pt x 278.61562pt>
File: figures/zipf.pdf Graphic file (type pdf)
 <use figures/zipf.pdf>
Package pdftex.def Info: figures/zipf.pdf used on input line 319.
(pdftex.def)             Requested size: 252.94499pt x 178.10931pt.

[9 <./figures/prices.pdf>]
<figures/boxplot.pdf, id=167, 361.02298pt x 203.4024pt>
File: figures/boxplot.pdf Graphic file (type pdf)

<use figures/boxplot.pdf>
Package pdftex.def Info: figures/boxplot.pdf used on input line 340.
(pdftex.def)             Requested size: 252.94499pt x 142.51106pt.
 [10 <./figures/zipf.pdf>] [11 <./figures/boxplot.pdf>] <figures/parsed.pdf, id
=294, 448.00856pt x 302.8146pt>
File: figures/parsed.pdf Graphic file (type pdf)

<use figures/parsed.pdf>
Package pdftex.def Info: figures/parsed.pdf used on input line 395.
(pdftex.def)             Requested size: 361.34999pt x 244.24347pt.
 [12 <./figures/parsed.pdf>] [13]
<figures/tstatRegrInd.pdf, id=524, 482.67206pt x 251.80042pt>
File: figures/tstatRegrInd.pdf Graphic file (type pdf)

<use figures/tstatRegrInd.pdf>
Package pdftex.def Info: figures/tstatRegrInd.pdf used on input line 471.
(pdftex.def)             Requested size: 433.62pt x 226.21484pt.
 [14] [15 <./figures/tstatRegrInd.pdf>] [16]
[17] <figures/regrW.pdf, id=643, 517.16148pt x 269.85216pt>
File: figures/regrW.pdf Graphic file (type pdf)

<use figures/regrW.pdf>
Package pdftex.def Info: figures/regrW.pdf used on input line 534.
(pdftex.def)             Requested size: 433.62pt x 226.25838pt.
 <figures/regrB.pdf, id=644, 517.16148pt x 269.85216pt>
File: figures/regrB.pdf Graphic file (type pdf)

<use figures/regrB.pdf>
Package pdftex.def Info: figures/regrB.pdf used on input line 535.
(pdftex.def)             Requested size: 433.62pt x 226.25838pt.
 <figures/cca.pdf, id=645, 506.21703pt x 200.1323pt>
File: figures/cca.pdf Graphic file (type pdf)

<use figures/cca.pdf>
Package pdftex.def Info: figures/cca.pdf used on input line 562.
(pdftex.def)             Requested size: 216.81pt x 85.71623pt.

<figures/regrBcca.pdf, id=646, 458.47304pt x 221.06119pt>
File: figures/regrBcca.pdf Graphic file (type pdf)

<use figures/regrBcca.pdf>
Package pdftex.def Info: figures/regrBcca.pdf used on input line 572.
(pdftex.def)             Requested size: 361.34999pt x 174.23164pt.
 [18] [19 <./figures/regrW.pdf> <./figures/regrB.pdf>] [20 <./figures/cca.pdf> 
<./figures/regrBcca.pdf>] [21] [22] [23] [24]
[25] [26] <figures/simdist.pdf, id=1094, 340.74812pt x 230.87154pt>
File: figures/simdist.pdf Graphic file (type pdf)

<use figures/simdist.pdf>
Package pdftex.def Info: figures/simdist.pdf used on input line 792.
(pdftex.def)             Requested size: 216.81pt x 146.90121pt.

<figures/simdistB.pdf, id=1095, 340.74812pt x 230.87154pt>
File: figures/simdistB.pdf Graphic file (type pdf)

<use figures/simdistB.pdf>
Package pdftex.def Info: figures/simdistB.pdf used on input line 792.
(pdftex.def)             Requested size: 216.81pt x 146.90121pt.

<figures/simzipf.pdf, id=1096, 370.17937pt x 237.41187pt>
File: figures/simzipf.pdf Graphic file (type pdf)

<use figures/simzipf.pdf>
Package pdftex.def Info: figures/simzipf.pdf used on input line 804.
(pdftex.def)             Requested size: 216.81pt x 139.0502pt.

<figures/simfits.pdf, id=1097, 370.17937pt x 237.41187pt>
File: figures/simfits.pdf Graphic file (type pdf)

<use figures/simfits.pdf>
Package pdftex.def Info: figures/simfits.pdf used on input line 830.
(pdftex.def)             Requested size: 289.07999pt x 185.40872pt.
 [27 <./figures/simdist.pdf> <./figures/simdistB.pdf>] [28 <./figures/simzipf.p
df> <./figures/simfits.pdf>]
<figures/simccab.pdf, id=1342, 340.74812pt x 230.87154pt>
File: figures/simccab.pdf Graphic file (type pdf)

<use figures/simccab.pdf>
Package pdftex.def Info: figures/simccab.pdf used on input line 845.
(pdftex.def)             Requested size: 216.81pt x 146.90121pt.

<figures/simccabb.pdf, id=1343, 340.74812pt x 230.87154pt>
File: figures/simccabb.pdf Graphic file (type pdf)

<use figures/simccabb.pdf>
Package pdftex.def Info: figures/simccabb.pdf used on input line 845.
(pdftex.def)             Requested size: 216.81pt x 146.90121pt.
 [29 <./figures/simccab.pdf> <./figures/simccabb.pdf>]

LaTeX Warning: Reference `fig:simcca' on page 30 undefined on input line 857.


LaTeX Warning: Reference `fig:svdRegr' on page 30 undefined on input line 859.

<figures/simregrW.pdf, id=1458, 483.98006pt x 201.44038pt>
File: figures/simregrW.pdf Graphic file (type pdf)

<use figures/simregrW.pdf>
Package pdftex.def Info: figures/simregrW.pdf used on input line 866.
(pdftex.def)             Requested size: 361.34999pt x 150.4006pt.

<figures/simregrB.pdf, id=1459, 483.98006pt x 201.44038pt>
File: figures/simregrB.pdf Graphic file (type pdf)

<use figures/simregrB.pdf>
Package pdftex.def Info: figures/simregrB.pdf used on input line 867.
(pdftex.def)             Requested size: 361.34999pt x 150.4006pt.
 [30] [31 <./figures/simregrW.pdf> <./figures/simregrB.pdf>] [32] (./regressor.
bbl [33]
Missing character: There is no â in font cmr10!
Missing character: There is no € in font cmr10!
Missing character: There is no “ in font cmr10!
)

Package natbib Warning: There were undefined citations.

[34] (./regressor.aux)

LaTeX Warning: There were undefined references.


LaTeX Warning: Label(s) may have changed. Rerun to get cross-references right.

 ) 
Here is how much of TeX's memory you used:
 2565 strings out of 493315
 34096 string characters out of 6137904
 100291 words of memory out of 5000000
 5957 multiletter control sequences out of 15000+600000
 16767 words of font info for 64 fonts, out of 8000000 for 9000
 959 hyphenation exceptions out of 8191
 37i,11n,26p,2473b,290s stack positions out of 5000i,500n,10000p,200000b,80000s
</usr/local/texlive/2013/texmf-dist/fonts/type1/public/amsfonts/cm/cmbx10.pfb
></usr/local/texlive/2013/texmf-dist/fonts/type1/public/amsfonts/cm/cmbx12.pfb>
</usr/local/texlive/2013/texmf-dist/fonts/type1/public/amsfonts/cm/cmcsc10.pfb>
</usr/local/texlive/2013/texmf-dist/fonts/type1/public/amsfonts/cm/cmex10.pfb><
/usr/local/texlive/2013/texmf-dist/fonts/type1/public/amsfonts/cm/cmmi10.pfb></
usr/local/texlive/2013/texmf-dist/fonts/type1/public/amsfonts/cm/cmmi12.pfb></u
sr/local/texlive/2013/texmf-dist/fonts/type1/public/amsfonts/cm/cmmi6.pfb></usr
/local/texlive/2013/texmf-dist/fonts/type1/public/amsfonts/cm/cmmi8.pfb></usr/l
ocal/texlive/2013/texmf-dist/fonts/type1/public/amsfonts/cm/cmr10.pfb></usr/loc
al/texlive/2013/texmf-dist/fonts/type1/public/amsfonts/cm/cmr12.pfb></usr/local
/texlive/2013/texmf-dist/fonts/type1/public/amsfonts/cm/cmr17.pfb></usr/local/t
exlive/2013/texmf-dist/fonts/type1/public/amsfonts/cm/cmr6.pfb></usr/local/texl
ive/2013/texmf-dist/fonts/type1/public/amsfonts/cm/cmr8.pfb></usr/local/texlive
/2013/texmf-dist/fonts/type1/public/amsfonts/cm/cmsl12.pfb></usr/local/texlive/
2013/texmf-dist/fonts/type1/public/amsfonts/cm/cmsy10.pfb></usr/local/texlive/2
013/texmf-dist/fonts/type1/public/amsfonts/cm/cmsy7.pfb></usr/local/texlive/201
3/texmf-dist/fonts/type1/public/amsfonts/cm/cmsy8.pfb></usr/local/texlive/2013/
texmf-dist/fonts/type1/public/amsfonts/cm/cmti10.pfb></usr/local/texlive/2013/t
exmf-dist/fonts/type1/public/amsfonts/cm/cmti7.pfb></usr/local/texlive/2013/tex
mf-dist/fonts/type1/public/amsfonts/cm/cmtt10.pfb></usr/local/texlive/2013/texm
f-dist/fonts/type1/public/amsfonts/symbols/msbm10.pfb>
Output written on regressor.pdf (34 pages, 7673641 bytes).
PDF statistics:
 1780 PDF objects out of 2073 (max. 8388607)
 1325 compressed objects within 14 object streams
 0 named destinations out of 1000 (max. 500000)
 86 words of extra memory for PDF output out of 10000 (max. 10000000)

